<?xml version="1.0" encoding="UTF-8"?>
<!-- Generated by org.testng.reporters.JUnitReportReporter -->
<testsuite hostname="Tanzeel-HP" name="com.testing.testcases.ProfileTest" tests="1" failures="0" timestamp="18 Nov 2017 04:18:53 GMT" time="43.770" errors="0">
  <testcase name="testProfile" time="43.770" classname="com.testing.testcases.ProfileTest"/>
</testsuite> <!-- com.testing.testcases.ProfileTest -->
